CRITICAL - 2024-06-29 23:03:24 --> CodeIgniter\View\Exceptions\ViewException: Invalid file: "hoja1.php"
[Method: GET, Route: ejercicio1]
in SYSTEMPATH\Exceptions\FrameworkException.php on line 41.
 1 SYSTEMPATH\View\View.php(222): CodeIgniter\Exceptions\FrameworkException::forInvalidFile('hoja1.php')
 2 SYSTEMPATH\Common.php(1171): CodeIgniter\View\View->render('hoja1', [], true)
 3 APPPATH\Controllers\controlleruno.php(9): view('hoja1')
 4 SYSTEMPATH\CodeIgniter.php(933): App\Controllers\controlleruno->metodo1()
 5 SYSTEMPATH\CodeIgniter.php(509): CodeIgniter\CodeIgniter->runController(Object(App\Controllers\controlleruno))
 6 SYSTEMPATH\CodeIgniter.php(355): CodeIgniter\CodeIgniter->handleRequest(null, Object(Config\Cache), false)
 7 SYSTEMPATH\Boot.php(325): CodeIgniter\CodeIgniter->run()
 8 SYSTEMPATH\Boot.php(67): CodeIgniter\Boot::runCodeIgniter(Object(CodeIgniter\CodeIgniter))
 9 FCPATH\index.php(56): CodeIgniter\Boot::bootWeb(Object(Config\Paths))
CRITICAL - 2024-06-29 23:03:43 --> CodeIgniter\View\Exceptions\ViewException: Invalid file: "hoja1.php"
[Method: GET, Route: ejercicio1]
in SYSTEMPATH\Exceptions\FrameworkException.php on line 41.
 1 SYSTEMPATH\View\View.php(222): CodeIgniter\Exceptions\FrameworkException::forInvalidFile('hoja1.php')
 2 SYSTEMPATH\Common.php(1171): CodeIgniter\View\View->render('hoja1', [], true)
 3 APPPATH\Controllers\controlleruno.php(9): view('hoja1')
 4 SYSTEMPATH\CodeIgniter.php(933): App\Controllers\controlleruno->metodo1()
 5 SYSTEMPATH\CodeIgniter.php(509): CodeIgniter\CodeIgniter->runController(Object(App\Controllers\controlleruno))
 6 SYSTEMPATH\CodeIgniter.php(355): CodeIgniter\CodeIgniter->handleRequest(null, Object(Config\Cache), false)
 7 SYSTEMPATH\Boot.php(325): CodeIgniter\CodeIgniter->run()
 8 SYSTEMPATH\Boot.php(67): CodeIgniter\Boot::runCodeIgniter(Object(CodeIgniter\CodeIgniter))
 9 FCPATH\index.php(56): CodeIgniter\Boot::bootWeb(Object(Config\Paths))
CRITICAL - 2024-06-29 23:04:46 --> CodeIgniter\View\Exceptions\ViewException: Invalid file: "hoja1.php"
[Method: GET, Route: ejercicio1]
in SYSTEMPATH\Exceptions\FrameworkException.php on line 41.
 1 SYSTEMPATH\View\View.php(222): CodeIgniter\Exceptions\FrameworkException::forInvalidFile('hoja1.php')
 2 SYSTEMPATH\Common.php(1171): CodeIgniter\View\View->render('hoja1', [], true)
 3 APPPATH\Controllers\controlleruno.php(9): view('hoja1')
 4 SYSTEMPATH\CodeIgniter.php(933): App\Controllers\controlleruno->metodo1()
 5 SYSTEMPATH\CodeIgniter.php(509): CodeIgniter\CodeIgniter->runController(Object(App\Controllers\controlleruno))
 6 SYSTEMPATH\CodeIgniter.php(355): CodeIgniter\CodeIgniter->handleRequest(null, Object(Config\Cache), false)
 7 SYSTEMPATH\Boot.php(325): CodeIgniter\CodeIgniter->run()
 8 SYSTEMPATH\Boot.php(67): CodeIgniter\Boot::runCodeIgniter(Object(CodeIgniter\CodeIgniter))
 9 FCPATH\index.php(56): CodeIgniter\Boot::bootWeb(Object(Config\Paths))
CRITICAL - 2024-06-29 23:04:59 --> CodeIgniter\View\Exceptions\ViewException: Invalid file: "hoja1.php"
[Method: GET, Route: ejercicio1]
in SYSTEMPATH\Exceptions\FrameworkException.php on line 41.
 1 SYSTEMPATH\View\View.php(222): CodeIgniter\Exceptions\FrameworkException::forInvalidFile('hoja1.php')
 2 SYSTEMPATH\Common.php(1171): CodeIgniter\View\View->render('hoja1', [], true)
 3 APPPATH\Controllers\controlleruno.php(9): view('hoja1')
 4 SYSTEMPATH\CodeIgniter.php(933): App\Controllers\controlleruno->metodo1()
 5 SYSTEMPATH\CodeIgniter.php(509): CodeIgniter\CodeIgniter->runController(Object(App\Controllers\controlleruno))
 6 SYSTEMPATH\CodeIgniter.php(355): CodeIgniter\CodeIgniter->handleRequest(null, Object(Config\Cache), false)
 7 SYSTEMPATH\Boot.php(325): CodeIgniter\CodeIgniter->run()
 8 SYSTEMPATH\Boot.php(67): CodeIgniter\Boot::runCodeIgniter(Object(CodeIgniter\CodeIgniter))
 9 FCPATH\index.php(56): CodeIgniter\Boot::bootWeb(Object(Config\Paths))
CRITICAL - 2024-06-29 23:05:24 --> CodeIgniter\View\Exceptions\ViewException: Invalid file: "hoja1.php"
[Method: GET, Route: ejercicio1]
in SYSTEMPATH\Exceptions\FrameworkException.php on line 41.
 1 SYSTEMPATH\View\View.php(222): CodeIgniter\Exceptions\FrameworkException::forInvalidFile('hoja1.php')
 2 SYSTEMPATH\Common.php(1171): CodeIgniter\View\View->render('hoja1', [], true)
 3 APPPATH\Controllers\controlleruno.php(9): view('hoja1')
 4 SYSTEMPATH\CodeIgniter.php(933): App\Controllers\controlleruno->metodo1()
 5 SYSTEMPATH\CodeIgniter.php(509): CodeIgniter\CodeIgniter->runController(Object(App\Controllers\controlleruno))
 6 SYSTEMPATH\CodeIgniter.php(355): CodeIgniter\CodeIgniter->handleRequest(null, Object(Config\Cache), false)
 7 SYSTEMPATH\Boot.php(325): CodeIgniter\CodeIgniter->run()
 8 SYSTEMPATH\Boot.php(67): CodeIgniter\Boot::runCodeIgniter(Object(CodeIgniter\CodeIgniter))
 9 FCPATH\index.php(56): CodeIgniter\Boot::bootWeb(Object(Config\Paths))
CRITICAL - 2024-06-29 23:05:29 --> CodeIgniter\View\Exceptions\ViewException: Invalid file: "hoja1.php"
[Method: GET, Route: ejercicio1]
in SYSTEMPATH\Exceptions\FrameworkException.php on line 41.
 1 SYSTEMPATH\View\View.php(222): CodeIgniter\Exceptions\FrameworkException::forInvalidFile('hoja1.php')
 2 SYSTEMPATH\Common.php(1171): CodeIgniter\View\View->render('hoja1', [], true)
 3 APPPATH\Controllers\controlleruno.php(9): view('hoja1')
 4 SYSTEMPATH\CodeIgniter.php(933): App\Controllers\controlleruno->metodo1()
 5 SYSTEMPATH\CodeIgniter.php(509): CodeIgniter\CodeIgniter->runController(Object(App\Controllers\controlleruno))
 6 SYSTEMPATH\CodeIgniter.php(355): CodeIgniter\CodeIgniter->handleRequest(null, Object(Config\Cache), false)
 7 SYSTEMPATH\Boot.php(325): CodeIgniter\CodeIgniter->run()
 8 SYSTEMPATH\Boot.php(67): CodeIgniter\Boot::runCodeIgniter(Object(CodeIgniter\CodeIgniter))
 9 FCPATH\index.php(56): CodeIgniter\Boot::bootWeb(Object(Config\Paths))
